<?xml version="1.0" encoding="UTF-8"?>
<!-- Generated by org.testng.reporters.JUnitXMLReporter -->
<testsuite ignored="0" hostname="LAPTOP-K6QSA59L" failures="0" tests="3" name="Test" time="108.701" errors="0" timestamp="2023-01-31T13:58:11 IST">
  <testcase classname="com.swaglabs.Test.OrderDescriptionPageTest" name="verifytitle" time="0.012"/>
  <testcase classname="com.swaglabs.Test.OrderDescriptionPageTest" name="verifycurrenturl" time="0.008"/>
  <testcase classname="com.swaglabs.Test.OrderDescriptionPageTest" name="verifyorder" time="0.1"/>
</testsuite> <!-- Test -->
