<?xml version="1.0" encoding="UTF-8"?>
<!-- Generated by org.testng.reporters.JUnitXMLReporter -->
<testsuite ignored="0" hostname="LAPTOP-K6QSA59L" failures="0" tests="3" name="Test" time="108.891" errors="0" timestamp="2023-02-03T14:47:41 IST">
  <testcase classname="com.swaglabs.Test.OrderDescriptionPageTest" name="verifytitle" time="0.01"/>
  <testcase classname="com.swaglabs.Test.OrderDescriptionPageTest" name="verifycurrenturl" time="0.009"/>
  <testcase classname="com.swaglabs.Test.OrderDescriptionPageTest" name="verifyorder" time="0.141"/>
</testsuite> <!-- Test -->
