<?xml version="1.0" encoding="UTF-8"?>
<testng-results ignored="0" total="3" passed="3" failed="0" skipped="0">
  <reporter-output>
  </reporter-output>
  <suite started-at="2023-02-03T14:45:52 IST" name="Suite" finished-at="2023-02-03T14:47:41 IST" duration-ms="108891">
    <groups>
    </groups>
    <test started-at="2023-02-03T14:45:52 IST" name="Test" finished-at="2023-02-03T14:47:41 IST" duration-ms="108891">
      <class name="com.swaglabs.Test.OrderDescriptionPageTest">
        <test-method is-config="true" signature="setup()[pri:0, instance:com.swaglabs.Test.OrderDescriptionPageTest@3e11f9e9]" started-at="2023-02-03T14:45:52 IST" name="setup" finished-at="2023-02-03T14:45:59 IST" duration-ms="7197" status="PASS">
          <reporter-output>
          </reporter-output>
        </test-method> <!-- setup -->
        <test-method is-config="true" signature="pagesetup()[pri:0, instance:com.swaglabs.Test.OrderDescriptionPageTest@3e11f9e9]" started-at="2023-02-03T14:45:59 IST" name="pagesetup" finished-at="2023-02-03T14:47:41 IST" duration-ms="101498" status="PASS">
          <reporter-output>
          </reporter-output>
        </test-method> <!-- pagesetup -->
        <test-method signature="verifytitle()[pri:1, instance:com.swaglabs.Test.OrderDescriptionPageTest@3e11f9e9]" started-at="2023-02-03T14:47:41 IST" name="verifytitle" finished-at="2023-02-03T14:47:41 IST" duration-ms="10" status="PASS">
          <reporter-output>
          </reporter-output>
        </test-method> <!-- verifytitle -->
        <test-method signature="verifycurrenturl()[pri:2, instance:com.swaglabs.Test.OrderDescriptionPageTest@3e11f9e9]" started-at="2023-02-03T14:47:41 IST" name="verifycurrenturl" finished-at="2023-02-03T14:47:41 IST" duration-ms="9" status="PASS">
          <reporter-output>
          </reporter-output>
        </test-method> <!-- verifycurrenturl -->
        <test-method signature="verifyorder()[pri:3, instance:com.swaglabs.Test.OrderDescriptionPageTest@3e11f9e9]" started-at="2023-02-03T14:47:41 IST" name="verifyorder" finished-at="2023-02-03T14:47:41 IST" duration-ms="141" status="PASS">
          <reporter-output>
          </reporter-output>
        </test-method> <!-- verifyorder -->
      </class> <!-- com.swaglabs.Test.OrderDescriptionPageTest -->
    </test> <!-- Test -->
  </suite> <!-- Suite -->
</testng-results>
