<?xml version="1.0" encoding="UTF-8"?>
<testsuite xmlns:xsi="http://www.w3.org/2001/XMLSchema-instance" xsi:noNamespaceSchemaLocation="https://maven.apache.org/surefire/maven-surefire-plugin/xsd/surefire-test-report-3.0.xsd" version="3.0" name="TestSuite" time="109.347" tests="3" errors="0" skipped="0" failures="0">
  <properties>
[...]
</properties>
  <testcase name="verifytitle" classname="com.swaglabs.Test.OrderDescriptionPageTest" time="0.009">
    <system-out><![CDATA[product added to cart
first name,last name and zip code has entered!
title is matching
]]></system-out>
    <system-err><![CDATA[SLF4J: Failed to load class "org.slf4j.impl.StaticLoggerBinder".
SLF4J: Defaulting to no-operation (NOP) logger implementation
SLF4J: See http://www.slf4j.org/codes.html#StaticLoggerBinder for further details.
ERROR StatusLogger Log4j2 could not find a logging implementation. Please add log4j-core to the classpath. Using SimpleLogger to log to the console...
Starting Microsoft Edge WebDriver 109.0.1518.70 (f787d2c3a4185501adc55d95d53ce7cf872db7c3) on port 5529
To submit feedback, report a bug, or suggest new features, please visit https://github.com/MicrosoftEdge/EdgeWebDriver

Only local connections are allowed.
Please see https://aka.ms/WebDriverSecurity for suggestions on keeping Microsoft Edge WebDriver safe.

Microsoft Edge WebDriver was started successfully.
Feb 03, 2023 2:45:57 PM org.openqa.selenium.devtools.CdpVersionFinder findNearestMatch
WARNING: Unable to find an exact match for CDP version 109, so returning the closest version found: 108
]]></system-err>
  </testcase>
  <testcase name="verifycurrenturl" classname="com.swaglabs.Test.OrderDescriptionPageTest" time="0.014">
    <system-out><![CDATA[url is matching
]]></system-out>
  </testcase>
  <testcase name="verifyorder" classname="com.swaglabs.Test.OrderDescriptionPageTest" time="0.137">
    <system-out><![CDATA[***********product overview**********
QTYDESCRIPTION
1
Sauce Labs Backpack
carry.allTheThings() with the sleek, streamlined Sly Pack that melds uncompromising style with unequaled laptop and tablet protection.
$29.99
Payment Information:
SauceCard #31337
Shipping Information:
FREE PONY EXPRESS DELIVERY!
Item total: $29.99
Tax: $2.40
Total: $32.39
CANCEL
FINISH
THANK YOU FOR YOUR ORDER
]]></system-out>
  </testcase>
</testsuite>