<?xml version="1.0" encoding="UTF-8"?>
<testng-results ignored="0" total="3" passed="3" failed="0" skipped="0">
  <reporter-output>
  </reporter-output>
  <suite started-at="2023-01-31T13:56:22 IST" name="Suite" finished-at="2023-01-31T13:58:11 IST" duration-ms="108701">
    <groups>
    </groups>
    <test started-at="2023-01-31T13:56:22 IST" name="Test" finished-at="2023-01-31T13:58:11 IST" duration-ms="108701">
      <class name="com.swaglabs.Test.OrderDescriptionPageTest">
        <test-method is-config="true" signature="setup()[pri:0, instance:com.swaglabs.Test.OrderDescriptionPageTest@537f60bf]" started-at="2023-01-31T13:56:22 IST" name="setup" finished-at="2023-01-31T13:56:29 IST" duration-ms="7054" status="PASS">
          <reporter-output>
          </reporter-output>
        </test-method> <!-- setup -->
        <test-method is-config="true" signature="pagesetup()[pri:0, instance:com.swaglabs.Test.OrderDescriptionPageTest@537f60bf]" started-at="2023-01-31T13:56:29 IST" name="pagesetup" finished-at="2023-01-31T13:58:11 IST" duration-ms="101489" status="PASS">
          <reporter-output>
          </reporter-output>
        </test-method> <!-- pagesetup -->
        <test-method signature="verifytitle()[pri:1, instance:com.swaglabs.Test.OrderDescriptionPageTest@537f60bf]" started-at="2023-01-31T13:58:11 IST" name="verifytitle" finished-at="2023-01-31T13:58:11 IST" duration-ms="12" status="PASS">
          <reporter-output>
          </reporter-output>
        </test-method> <!-- verifytitle -->
        <test-method signature="verifycurrenturl()[pri:2, instance:com.swaglabs.Test.OrderDescriptionPageTest@537f60bf]" started-at="2023-01-31T13:58:11 IST" name="verifycurrenturl" finished-at="2023-01-31T13:58:11 IST" duration-ms="8" status="PASS">
          <reporter-output>
          </reporter-output>
        </test-method> <!-- verifycurrenturl -->
        <test-method signature="verifyorder()[pri:3, instance:com.swaglabs.Test.OrderDescriptionPageTest@537f60bf]" started-at="2023-01-31T13:58:11 IST" name="verifyorder" finished-at="2023-01-31T13:58:11 IST" duration-ms="100" status="PASS">
          <reporter-output>
          </reporter-output>
        </test-method> <!-- verifyorder -->
      </class> <!-- com.swaglabs.Test.OrderDescriptionPageTest -->
    </test> <!-- Test -->
  </suite> <!-- Suite -->
</testng-results>
